  Entidade.cpp
C:\Users\leona\OneDrive\Documentos\UTFPR\JOGO TECPROG\Jogo_TecProg\Jogo_TecProg\Entidade.cpp(3,11): error C4596: '{ctor}': nome qualificado inválido na declaração de membro
C:\Users\leona\OneDrive\Documentos\UTFPR\JOGO TECPROG\Jogo_TecProg\Jogo_TecProg\Entidade.cpp(3,11): error C2535: 'Entidade::Entidade(void)': função membro já definida ou declarada
      C:\Users\leona\OneDrive\Documentos\UTFPR\JOGO TECPROG\Jogo_TecProg\Jogo_TecProg\Entidade.h(17,2):
      consulte a declaração de 'Entidade::Entidade'
  
C:\Users\leona\OneDrive\Documentos\UTFPR\JOGO TECPROG\Jogo_TecProg\Jogo_TecProg\Entidade.cpp(8,12): error C4596: '{dtor}': nome qualificado inválido na declaração de membro
C:\Users\leona\OneDrive\Documentos\UTFPR\JOGO TECPROG\Jogo_TecProg\Jogo_TecProg\Entidade.cpp(8,12): error C2535: 'Entidade::~Entidade(void)': função membro já definida ou declarada
      C:\Users\leona\OneDrive\Documentos\UTFPR\JOGO TECPROG\Jogo_TecProg\Jogo_TecProg\Entidade.h(18,11):
      consulte a declaração de 'Entidade::~Entidade'
  
C:\Users\leona\OneDrive\Documentos\UTFPR\JOGO TECPROG\Jogo_TecProg\Jogo_TecProg\Entidade.cpp(12,25): error C4596: 'getBounds': nome qualificado inválido na declaração de membro
C:\Users\leona\OneDrive\Documentos\UTFPR\JOGO TECPROG\Jogo_TecProg\Jogo_TecProg\Entidade.cpp(12,25): error C2535: 'sf::FloatRect Entidade::getBounds(void)': função membro já definida ou declarada
      C:\Users\leona\OneDrive\Documentos\UTFPR\JOGO TECPROG\Jogo_TecProg\Jogo_TecProg\Entidade.h(20,16):
      consulte a declaração de 'Entidade::getBounds'
  
C:\Users\leona\OneDrive\Documentos\UTFPR\JOGO TECPROG\Jogo_TecProg\Jogo_TecProg\Entidade.cpp(17,16): error C4596: 'colidir': nome qualificado inválido na declaração de membro
C:\Users\leona\OneDrive\Documentos\UTFPR\JOGO TECPROG\Jogo_TecProg\Jogo_TecProg\Entidade.cpp(17,16): error C2535: 'void Entidade::colidir(Entidade *)': função membro já definida ou declarada
      C:\Users\leona\OneDrive\Documentos\UTFPR\JOGO TECPROG\Jogo_TecProg\Jogo_TecProg\Entidade.h(22,15):
      consulte a declaração de 'Entidade::colidir'
  
C:\Users\leona\OneDrive\Documentos\UTFPR\JOGO TECPROG\Jogo_TecProg\Jogo_TecProg\Entidade.cpp(20,16): error C4596: 'setGerenciadorGrafico': nome qualificado inválido na declaração de membro
C:\Users\leona\OneDrive\Documentos\UTFPR\JOGO TECPROG\Jogo_TecProg\Jogo_TecProg\Entidade.cpp(20,16): error C2535: 'void Entidade::setGerenciadorGrafico(GerenciadorGrafico *)': função membro já definida ou declarada
      C:\Users\leona\OneDrive\Documentos\UTFPR\JOGO TECPROG\Jogo_TecProg\Jogo_TecProg\Entidade.h(23,7):
      consulte a declaração de 'Entidade::setGerenciadorGrafico'
  
C:\Users\leona\OneDrive\Documentos\UTFPR\JOGO TECPROG\Jogo_TecProg\Jogo_TecProg\Entidade.cpp(25,16): error C4596: 'Draw': nome qualificado inválido na declaração de membro
C:\Users\leona\OneDrive\Documentos\UTFPR\JOGO TECPROG\Jogo_TecProg\Jogo_TecProg\Entidade.cpp(25,16): error C2535: 'void Entidade::Draw(void)': função membro já definida ou declarada
      C:\Users\leona\OneDrive\Documentos\UTFPR\JOGO TECPROG\Jogo_TecProg\Jogo_TecProg\Entidade.h(24,7):
      consulte a declaração de 'Entidade::Draw'
  
C:\Users\leona\OneDrive\Documentos\UTFPR\JOGO TECPROG\Jogo_TecProg\Jogo_TecProg\Entidade.cpp(32,16): error C4596: 'setPosition': nome qualificado inválido na declaração de membro
C:\Users\leona\OneDrive\Documentos\UTFPR\JOGO TECPROG\Jogo_TecProg\Jogo_TecProg\Entidade.cpp(32,16): error C2535: 'void Entidade::setPosition(sf::Vector2f)': função membro já definida ou declarada
      C:\Users\leona\OneDrive\Documentos\UTFPR\JOGO TECPROG\Jogo_TecProg\Jogo_TecProg\Entidade.h(25,7):
      consulte a declaração de 'Entidade::setPosition'
  
C:\Users\leona\OneDrive\Documentos\UTFPR\JOGO TECPROG\Jogo_TecProg\Jogo_TecProg\Entidade.cpp(37,24): error C4596: 'getPosition': nome qualificado inválido na declaração de membro
C:\Users\leona\OneDrive\Documentos\UTFPR\JOGO TECPROG\Jogo_TecProg\Jogo_TecProg\Entidade.cpp(37,24): error C2535: 'sf::Vector2f Entidade::getPosition(void)': função membro já definida ou declarada
      C:\Users\leona\OneDrive\Documentos\UTFPR\JOGO TECPROG\Jogo_TecProg\Jogo_TecProg\Entidade.h(26,15):
      consulte a declaração de 'Entidade::getPosition'
  
C:\Users\leona\OneDrive\Documentos\UTFPR\JOGO TECPROG\Jogo_TecProg\Jogo_TecProg\Entidade.h(9,1): error C1075: '{': nenhum token correspondente encontrado
  (compilando o arquivo fonte 'Entidade.cpp')
  
  Fase.cpp
C:\Users\leona\OneDrive\Documentos\UTFPR\JOGO TECPROG\Jogo_TecProg\Jogo_TecProg\Jogador.h(5,23): error C2504: 'Entidade': classe base indefinida
  (compilando o arquivo fonte 'Fase.cpp')
  
C:\Users\leona\OneDrive\Documentos\UTFPR\JOGO TECPROG\Jogo_TecProg\Jogo_TecProg\Jogador.h(15,10): error C3668: 'Entidade::Jogador::colidir': método com especificador de substituição 'override' não substituiu nenhum método de classe base
  (compilando o arquivo fonte 'Fase.cpp')
  
C:\Users\leona\OneDrive\Documentos\UTFPR\JOGO TECPROG\Jogo_TecProg\Jogo_TecProg\Inimigo.h(4,12): error C2504: 'Entidade': classe base indefinida
  (compilando o arquivo fonte 'Fase.cpp')
  
C:\Users\leona\OneDrive\Documentos\UTFPR\JOGO TECPROG\Jogo_TecProg\Jogo_TecProg\Elemento.h(18,22): error C3254: 'Entidade': classe contém substituição explícita '{ctor}' mas não deriva de uma interface que contenha a declaração da função
  (compilando o arquivo fonte 'Fase.cpp')
  
C:\Users\leona\OneDrive\Documentos\UTFPR\JOGO TECPROG\Jogo_TecProg\Jogo_TecProg\Elemento.h(18,22): error C2838: '{ctor}': nome qualificado inválido na declaração de membro
  (compilando o arquivo fonte 'Fase.cpp')
  
C:\Users\leona\OneDrive\Documentos\UTFPR\JOGO TECPROG\Jogo_TecProg\Jogo_TecProg\Elemento.h(25,23): error C3254: 'Entidade': classe contém substituição explícita '{dtor}' mas não deriva de uma interface que contenha a declaração da função
  (compilando o arquivo fonte 'Fase.cpp')
  
C:\Users\leona\OneDrive\Documentos\UTFPR\JOGO TECPROG\Jogo_TecProg\Jogo_TecProg\Elemento.h(25,23): error C2838: '{dtor}': nome qualificado inválido na declaração de membro
  (compilando o arquivo fonte 'Fase.cpp')
  
C:\Users\leona\OneDrive\Documentos\UTFPR\JOGO TECPROG\Jogo_TecProg\Jogo_TecProg\Elemento.h(25,23): error C2897: um destruidor não pode ser um template de função
  (compilando o arquivo fonte 'Fase.cpp')
  
C:\Users\leona\OneDrive\Documentos\UTFPR\JOGO TECPROG\Jogo_TecProg\Jogo_TecProg\Lista.h(64,19): error C3254: 'Entidade': classe contém substituição explícita '{ctor}' mas não deriva de uma interface que contenha a declaração da função
  (compilando o arquivo fonte 'Fase.cpp')
  
C:\Users\leona\OneDrive\Documentos\UTFPR\JOGO TECPROG\Jogo_TecProg\Jogo_TecProg\Lista.h(64,19): error C2838: '{ctor}': nome qualificado inválido na declaração de membro
  (compilando o arquivo fonte 'Fase.cpp')
  
C:\Users\leona\OneDrive\Documentos\UTFPR\JOGO TECPROG\Jogo_TecProg\Jogo_TecProg\Lista.h(64,19): error C2535: 'Entidade::Entidade(void)': função membro já definida ou declarada
  (compilando o arquivo fonte 'Fase.cpp')
      C:\Users\leona\OneDrive\Documentos\UTFPR\JOGO TECPROG\Jogo_TecProg\Jogo_TecProg\Elemento.h(18,22):
      consulte a declaração de 'Entidade::Entidade'
  
C:\Users\leona\OneDrive\Documentos\UTFPR\JOGO TECPROG\Jogo_TecProg\Jogo_TecProg\Lista.h(72,20): error C3254: 'Entidade': classe contém substituição explícita '{dtor}' mas não deriva de uma interface que contenha a declaração da função
  (compilando o arquivo fonte 'Fase.cpp')
  
C:\Users\leona\OneDrive\Documentos\UTFPR\JOGO TECPROG\Jogo_TecProg\Jogo_TecProg\Lista.h(72,20): error C2838: '{dtor}': nome qualificado inválido na declaração de membro
  (compilando o arquivo fonte 'Fase.cpp')
  
C:\Users\leona\OneDrive\Documentos\UTFPR\JOGO TECPROG\Jogo_TecProg\Jogo_TecProg\Lista.h(72,20): error C2897: um destruidor não pode ser um template de função
  (compilando o arquivo fonte 'Fase.cpp')
  
C:\Users\leona\OneDrive\Documentos\UTFPR\JOGO TECPROG\Jogo_TecProg\Jogo_TecProg\Fase.cpp(4,12): error C3254: 'Entidade': classe contém substituição explícita 'inicializaElementos' mas não deriva de uma interface que contenha a declaração da função
C:\Users\leona\OneDrive\Documentos\UTFPR\JOGO TECPROG\Jogo_TecProg\Jogo_TecProg\Fase.cpp(4,12): error C2838: 'inicializaElementos': nome qualificado inválido na declaração de membro
C:\Users\leona\OneDrive\Documentos\UTFPR\JOGO TECPROG\Jogo_TecProg\Jogo_TecProg\Fase.cpp(13,7): error C3254: 'Entidade': classe contém substituição explícita '{ctor}' mas não deriva de uma interface que contenha a declaração da função
C:\Users\leona\OneDrive\Documentos\UTFPR\JOGO TECPROG\Jogo_TecProg\Jogo_TecProg\Fase.cpp(13,7): error C2838: '{ctor}': nome qualificado inválido na declaração de membro
C:\Users\leona\OneDrive\Documentos\UTFPR\JOGO TECPROG\Jogo_TecProg\Jogo_TecProg\Fase.cpp(22,12): error C3254: 'Entidade': classe contém substituição explícita 'adicionarInimigo' mas não deriva de uma interface que contenha a declaração da função
C:\Users\leona\OneDrive\Documentos\UTFPR\JOGO TECPROG\Jogo_TecProg\Jogo_TecProg\Fase.cpp(22,12): error C2838: 'adicionarInimigo': nome qualificado inválido na declaração de membro
C:\Users\leona\OneDrive\Documentos\UTFPR\JOGO TECPROG\Jogo_TecProg\Jogo_TecProg\Fase.cpp(30,8): error C3254: 'Entidade': classe contém substituição explícita '{dtor}' mas não deriva de uma interface que contenha a declaração da função
C:\Users\leona\OneDrive\Documentos\UTFPR\JOGO TECPROG\Jogo_TecProg\Jogo_TecProg\Fase.cpp(30,8): error C2838: '{dtor}': nome qualificado inválido na declaração de membro
C:\Users\leona\OneDrive\Documentos\UTFPR\JOGO TECPROG\Jogo_TecProg\Jogo_TecProg\Fase.cpp(30,8): error C2535: 'Entidade::~Entidade(void)': função membro já definida ou declarada
      C:\Users\leona\OneDrive\Documentos\UTFPR\JOGO TECPROG\Jogo_TecProg\Jogo_TecProg\Entidade.h(18,11):
      consulte a declaração de 'Entidade::~Entidade'
  
C:\Users\leona\OneDrive\Documentos\UTFPR\JOGO TECPROG\Jogo_TecProg\Jogo_TecProg\Entidade.h(9,1): error C1075: '{': nenhum token correspondente encontrado
  (compilando o arquivo fonte 'Fase.cpp')
  
  GerenciadorColisao.cpp
C:\Users\leona\OneDrive\Documentos\UTFPR\JOGO TECPROG\Jogo_TecProg\Jogo_TecProg\GerenciadorColisao.h(5,7): error C3769: 'Entidade': uma classe aninhada não pode possuir o mesmo nome que a classe delimitadora
  (compilando o arquivo fonte 'GerenciadorColisao.cpp')
  
C:\Users\leona\OneDrive\Documentos\UTFPR\JOGO TECPROG\Jogo_TecProg\Jogo_TecProg\Jogador.h(5,23): error C2504: 'Entidade::Entidade': classe base indefinida
  (compilando o arquivo fonte 'GerenciadorColisao.cpp')
  
C:\Users\leona\OneDrive\Documentos\UTFPR\JOGO TECPROG\Jogo_TecProg\Jogo_TecProg\Jogador.h(15,10): error C3668: 'Entidade::Jogador::colidir': método com especificador de substituição 'override' não substituiu nenhum método de classe base
  (compilando o arquivo fonte 'GerenciadorColisao.cpp')
  
C:\Users\leona\OneDrive\Documentos\UTFPR\JOGO TECPROG\Jogo_TecProg\Jogo_TecProg\Inimigo.h(4,12): error C2504: 'Entidade::Entidade': classe base indefinida
  (compilando o arquivo fonte 'GerenciadorColisao.cpp')
  
C:\Users\leona\OneDrive\Documentos\UTFPR\JOGO TECPROG\Jogo_TecProg\Jogo_TecProg\GerenciadorColisao.cpp(7,21): error C3254: 'Entidade': classe contém substituição explícita '{ctor}' mas não deriva de uma interface que contenha a declaração da função
C:\Users\leona\OneDrive\Documentos\UTFPR\JOGO TECPROG\Jogo_TecProg\Jogo_TecProg\GerenciadorColisao.cpp(7,21): error C2838: '{ctor}': nome qualificado inválido na declaração de membro
C:\Users\leona\OneDrive\Documentos\UTFPR\JOGO TECPROG\Jogo_TecProg\Jogo_TecProg\GerenciadorColisao.cpp(7,21): error C2535: 'Entidade::Entidade(void)': função membro já definida ou declarada
      C:\Users\leona\OneDrive\Documentos\UTFPR\JOGO TECPROG\Jogo_TecProg\Jogo_TecProg\Entidade.h(17,2):
      consulte a declaração de 'Entidade::Entidade'
  
C:\Users\leona\OneDrive\Documentos\UTFPR\JOGO TECPROG\Jogo_TecProg\Jogo_TecProg\GerenciadorColisao.cpp(12,22): error C3254: 'Entidade': classe contém substituição explícita '{dtor}' mas não deriva de uma interface que contenha a declaração da função
C:\Users\leona\OneDrive\Documentos\UTFPR\JOGO TECPROG\Jogo_TecProg\Jogo_TecProg\GerenciadorColisao.cpp(12,22): error C2838: '{dtor}': nome qualificado inválido na declaração de membro
C:\Users\leona\OneDrive\Documentos\UTFPR\JOGO TECPROG\Jogo_TecProg\Jogo_TecProg\GerenciadorColisao.cpp(12,22): error C2535: 'Entidade::~Entidade(void)': função membro já definida ou declarada
      C:\Users\leona\OneDrive\Documentos\UTFPR\JOGO TECPROG\Jogo_TecProg\Jogo_TecProg\Entidade.h(18,11):
      consulte a declaração de 'Entidade::~Entidade'
  
C:\Users\leona\OneDrive\Documentos\UTFPR\JOGO TECPROG\Jogo_TecProg\Jogo_TecProg\GerenciadorColisao.cpp(16,26): error C3254: 'Entidade': classe contém substituição explícita 'incluirJogador' mas não deriva de uma interface que contenha a declaração da função
C:\Users\leona\OneDrive\Documentos\UTFPR\JOGO TECPROG\Jogo_TecProg\Jogo_TecProg\GerenciadorColisao.cpp(16,26): error C2838: 'incluirJogador': nome qualificado inválido na declaração de membro
C:\Users\leona\OneDrive\Documentos\UTFPR\JOGO TECPROG\Jogo_TecProg\Jogo_TecProg\GerenciadorColisao.cpp(21,26): error C3254: 'Entidade': classe contém substituição explícita 'incluirInimigo' mas não deriva de uma interface que contenha a declaração da função
C:\Users\leona\OneDrive\Documentos\UTFPR\JOGO TECPROG\Jogo_TecProg\Jogo_TecProg\GerenciadorColisao.cpp(21,26): error C2838: 'incluirInimigo': nome qualificado inválido na declaração de membro
C:\Users\leona\OneDrive\Documentos\UTFPR\JOGO TECPROG\Jogo_TecProg\Jogo_TecProg\GerenciadorColisao.cpp(26,26): error C3254: 'Entidade': classe contém substituição explícita 'verificarColisao' mas não deriva de uma interface que contenha a declaração da função
C:\Users\leona\OneDrive\Documentos\UTFPR\JOGO TECPROG\Jogo_TecProg\Jogo_TecProg\GerenciadorColisao.cpp(26,26): error C2838: 'verificarColisao': nome qualificado inválido na declaração de membro
C:\Users\leona\OneDrive\Documentos\UTFPR\JOGO TECPROG\Jogo_TecProg\Jogo_TecProg\GerenciadorColisao.cpp(31,26): error C3254: 'Entidade': classe contém substituição explícita 'colisaoInimigo' mas não deriva de uma interface que contenha a declaração da função
C:\Users\leona\OneDrive\Documentos\UTFPR\JOGO TECPROG\Jogo_TecProg\Jogo_TecProg\GerenciadorColisao.cpp(31,26): error C2838: 'colisaoInimigo': nome qualificado inválido na declaração de membro
C:\Users\leona\OneDrive\Documentos\UTFPR\JOGO TECPROG\Jogo_TecProg\Jogo_TecProg\GerenciadorColisao.cpp(42,26): error C3254: 'Entidade': classe contém substituição explícita 'executar' mas não deriva de uma interface que contenha a declaração da função
C:\Users\leona\OneDrive\Documentos\UTFPR\JOGO TECPROG\Jogo_TecProg\Jogo_TecProg\GerenciadorColisao.cpp(42,26): error C2838: 'executar': nome qualificado inválido na declaração de membro
C:\Users\leona\OneDrive\Documentos\UTFPR\JOGO TECPROG\Jogo_TecProg\Jogo_TecProg\Entidade.h(9,1): error C1075: '{': nenhum token correspondente encontrado
  (compilando o arquivo fonte 'GerenciadorColisao.cpp')
  
  Inimigo.cpp
C:\Users\leona\OneDrive\Documentos\UTFPR\JOGO TECPROG\Jogo_TecProg\Jogo_TecProg\Inimigo.h(4,12): error C2504: 'Entidade': classe base indefinida
  (compilando o arquivo fonte 'Inimigo.cpp')
  
C:\Users\leona\OneDrive\Documentos\UTFPR\JOGO TECPROG\Jogo_TecProg\Jogo_TecProg\Inimigo.cpp(3,10): error C3254: 'Entidade': classe contém substituição explícita '{ctor}' mas não deriva de uma interface que contenha a declaração da função
C:\Users\leona\OneDrive\Documentos\UTFPR\JOGO TECPROG\Jogo_TecProg\Jogo_TecProg\Inimigo.cpp(3,10): error C2838: '{ctor}': nome qualificado inválido na declaração de membro
C:\Users\leona\OneDrive\Documentos\UTFPR\JOGO TECPROG\Jogo_TecProg\Jogo_TecProg\Inimigo.cpp(3,10): error C2535: 'Entidade::Entidade(void)': função membro já definida ou declarada
      C:\Users\leona\OneDrive\Documentos\UTFPR\JOGO TECPROG\Jogo_TecProg\Jogo_TecProg\Entidade.h(17,2):
      consulte a declaração de 'Entidade::Entidade'
  
C:\Users\leona\OneDrive\Documentos\UTFPR\JOGO TECPROG\Jogo_TecProg\Jogo_TecProg\Inimigo.cpp(10,11): error C3254: 'Entidade': classe contém substituição explícita '{dtor}' mas não deriva de uma interface que contenha a declaração da função
C:\Users\leona\OneDrive\Documentos\UTFPR\JOGO TECPROG\Jogo_TecProg\Jogo_TecProg\Inimigo.cpp(10,11): error C2838: '{dtor}': nome qualificado inválido na declaração de membro
C:\Users\leona\OneDrive\Documentos\UTFPR\JOGO TECPROG\Jogo_TecProg\Jogo_TecProg\Inimigo.cpp(10,11): error C2535: 'Entidade::~Entidade(void)': função membro já definida ou declarada
      C:\Users\leona\OneDrive\Documentos\UTFPR\JOGO TECPROG\Jogo_TecProg\Jogo_TecProg\Entidade.h(18,11):
      consulte a declaração de 'Entidade::~Entidade'
  
C:\Users\leona\OneDrive\Documentos\UTFPR\JOGO TECPROG\Jogo_TecProg\Jogo_TecProg\Entidade.h(9,1): error C1075: '{': nenhum token correspondente encontrado
  (compilando o arquivo fonte 'Inimigo.cpp')
  
  Jogador.cpp
C:\Users\leona\OneDrive\Documentos\UTFPR\JOGO TECPROG\Jogo_TecProg\Jogo_TecProg\Jogador.h(5,23): error C2504: 'Entidade': classe base indefinida
  (compilando o arquivo fonte 'Jogador.cpp')
  
C:\Users\leona\OneDrive\Documentos\UTFPR\JOGO TECPROG\Jogo_TecProg\Jogo_TecProg\Jogador.h(15,10): error C3668: 'Entidade::Jogador::colidir': método com especificador de substituição 'override' não substituiu nenhum método de classe base
  (compilando o arquivo fonte 'Jogador.cpp')
  
C:\Program Files\Microsoft Visual Studio\18\Community\VC\Tools\MSVC\14.51.36231\include\iostream(19,1): error C2059: erro de sintaxe: 'cadeia de caracteres'
  (compilando o arquivo fonte 'Jogador.cpp')
  
C:\Program Files\Microsoft Visual Studio\18\Community\VC\Tools\MSVC\14.51.36231\include\iostream(19,1): error C2334: token(s) inesperado(s) precedendo '{'; ignorando corpo aparente de função
  (compilando o arquivo fonte 'Jogador.cpp')
  
C:\Users\leona\OneDrive\Documentos\UTFPR\JOGO TECPROG\Jogo_TecProg\Jogo_TecProg\Jogador.cpp(5,1): error C2059: erro de sintaxe: 'using namespace'
C:\Users\leona\OneDrive\Documentos\UTFPR\JOGO TECPROG\Jogo_TecProg\Jogo_TecProg\Jogador.cpp(5,20): error C2238: token(s) inesperado(s) precedendo ';'
C:\Users\leona\OneDrive\Documentos\UTFPR\JOGO TECPROG\Jogo_TecProg\Jogo_TecProg\Jogador.cpp(7,10): error C3254: 'Entidade': classe contém substituição explícita '{ctor}' mas não deriva de uma interface que contenha a declaração da função
C:\Users\leona\OneDrive\Documentos\UTFPR\JOGO TECPROG\Jogo_TecProg\Jogo_TecProg\Jogador.cpp(7,10): error C2838: '{ctor}': nome qualificado inválido na declaração de membro
C:\Users\leona\OneDrive\Documentos\UTFPR\JOGO TECPROG\Jogo_TecProg\Jogo_TecProg\Jogador.cpp(7,10): error C2535: 'Entidade::Entidade(void)': função membro já definida ou declarada
      C:\Users\leona\OneDrive\Documentos\UTFPR\JOGO TECPROG\Jogo_TecProg\Jogo_TecProg\Entidade.h(17,2):
      consulte a declaração de 'Entidade::Entidade'
  
C:\Users\leona\OneDrive\Documentos\UTFPR\JOGO TECPROG\Jogo_TecProg\Jogo_TecProg\Jogador.cpp(14,11): error C3254: 'Entidade': classe contém substituição explícita '{dtor}' mas não deriva de uma interface que contenha a declaração da função
C:\Users\leona\OneDrive\Documentos\UTFPR\JOGO TECPROG\Jogo_TecProg\Jogo_TecProg\Jogador.cpp(14,11): error C2838: '{dtor}': nome qualificado inválido na declaração de membro
C:\Users\leona\OneDrive\Documentos\UTFPR\JOGO TECPROG\Jogo_TecProg\Jogo_TecProg\Jogador.cpp(14,11): error C2535: 'Entidade::~Entidade(void)': função membro já definida ou declarada
      C:\Users\leona\OneDrive\Documentos\UTFPR\JOGO TECPROG\Jogo_TecProg\Jogo_TecProg\Entidade.h(18,11):
      consulte a declaração de 'Entidade::~Entidade'
  
C:\Users\leona\OneDrive\Documentos\UTFPR\JOGO TECPROG\Jogo_TecProg\Jogo_TecProg\Jogador.cpp(18,15): error C3254: 'Entidade': classe contém substituição explícita 'Executar' mas não deriva de uma interface que contenha a declaração da função
C:\Users\leona\OneDrive\Documentos\UTFPR\JOGO TECPROG\Jogo_TecProg\Jogo_TecProg\Jogador.cpp(18,15): error C2838: 'Executar': nome qualificado inválido na declaração de membro
C:\Users\leona\OneDrive\Documentos\UTFPR\JOGO TECPROG\Jogo_TecProg\Jogo_TecProg\Jogador.cpp(40,15): error C3254: 'Entidade': classe contém substituição explícita 'colidir' mas não deriva de uma interface que contenha a declaração da função
C:\Users\leona\OneDrive\Documentos\UTFPR\JOGO TECPROG\Jogo_TecProg\Jogo_TecProg\Jogador.cpp(40,15): error C2838: 'colidir': nome qualificado inválido na declaração de membro
C:\Users\leona\OneDrive\Documentos\UTFPR\JOGO TECPROG\Jogo_TecProg\Jogo_TecProg\Jogador.cpp(40,15): error C2535: 'void Entidade::colidir(Entidade *)': função membro já definida ou declarada
      C:\Users\leona\OneDrive\Documentos\UTFPR\JOGO TECPROG\Jogo_TecProg\Jogo_TecProg\Entidade.h(22,15):
      consulte a declaração de 'Entidade::colidir'
  
C:\Users\leona\OneDrive\Documentos\UTFPR\JOGO TECPROG\Jogo_TecProg\Jogo_TecProg\Entidade.h(9,1): error C1075: '{': nenhum token correspondente encontrado
  (compilando o arquivo fonte 'Jogador.cpp')
  
  Jogo.cpp
C:\Users\leona\OneDrive\Documentos\UTFPR\JOGO TECPROG\Jogo_TecProg\Jogo_TecProg\Jogador.h(5,23): error C2504: 'Entidade': classe base indefinida
  (compilando o arquivo fonte 'Jogo.cpp')
  
C:\Users\leona\OneDrive\Documentos\UTFPR\JOGO TECPROG\Jogo_TecProg\Jogo_TecProg\Jogador.h(15,10): error C3668: 'Entidade::Jogador::colidir': método com especificador de substituição 'override' não substituiu nenhum método de classe base
  (compilando o arquivo fonte 'Jogo.cpp')
  
C:\Users\leona\OneDrive\Documentos\UTFPR\JOGO TECPROG\Jogo_TecProg\Jogo_TecProg\Inimigo.h(4,12): error C2504: 'Entidade': classe base indefinida
  (compilando o arquivo fonte 'Jogo.cpp')
  
C:\Users\leona\OneDrive\Documentos\UTFPR\JOGO TECPROG\Jogo_TecProg\Jogo_TecProg\Elemento.h(18,22): error C3254: 'Entidade': classe contém substituição explícita '{ctor}' mas não deriva de uma interface que contenha a declaração da função
  (compilando o arquivo fonte 'Jogo.cpp')
  
C:\Users\leona\OneDrive\Documentos\UTFPR\JOGO TECPROG\Jogo_TecProg\Jogo_TecProg\Elemento.h(18,22): error C2838: '{ctor}': nome qualificado inválido na declaração de membro
  (compilando o arquivo fonte 'Jogo.cpp')
  
C:\Users\leona\OneDrive\Documentos\UTFPR\JOGO TECPROG\Jogo_TecProg\Jogo_TecProg\Elemento.h(25,23): error C3254: 'Entidade': classe contém substituição explícita '{dtor}' mas não deriva de uma interface que contenha a declaração da função
  (compilando o arquivo fonte 'Jogo.cpp')
  
C:\Users\leona\OneDrive\Documentos\UTFPR\JOGO TECPROG\Jogo_TecProg\Jogo_TecProg\Elemento.h(25,23): error C2838: '{dtor}': nome qualificado inválido na declaração de membro
  (compilando o arquivo fonte 'Jogo.cpp')
  
C:\Users\leona\OneDrive\Documentos\UTFPR\JOGO TECPROG\Jogo_TecProg\Jogo_TecProg\Elemento.h(25,23): error C2897: um destruidor não pode ser um template de função
  (compilando o arquivo fonte 'Jogo.cpp')
  
C:\Users\leona\OneDrive\Documentos\UTFPR\JOGO TECPROG\Jogo_TecProg\Jogo_TecProg\Lista.h(64,19): error C3254: 'Entidade': classe contém substituição explícita '{ctor}' mas não deriva de uma interface que contenha a declaração da função
  (compilando o arquivo fonte 'Jogo.cpp')
  
C:\Users\leona\OneDrive\Documentos\UTFPR\JOGO TECPROG\Jogo_TecProg\Jogo_TecProg\Lista.h(64,19): error C2838: '{ctor}': nome qualificado inválido na declaração de membro
  (compilando o arquivo fonte 'Jogo.cpp')
  
C:\Users\leona\OneDrive\Documentos\UTFPR\JOGO TECPROG\Jogo_TecProg\Jogo_TecProg\Lista.h(64,19): error C2535: 'Entidade::Entidade(void)': função membro já definida ou declarada
  (compilando o arquivo fonte 'Jogo.cpp')
      C:\Users\leona\OneDrive\Documentos\UTFPR\JOGO TECPROG\Jogo_TecProg\Jogo_TecProg\Elemento.h(18,22):
      consulte a declaração de 'Entidade::Entidade'
  
C:\Users\leona\OneDrive\Documentos\UTFPR\JOGO TECPROG\Jogo_TecProg\Jogo_TecProg\Lista.h(72,20): error C3254: 'Entidade': classe contém substituição explícita '{dtor}' mas não deriva de uma interface que contenha a declaração da função
  (compilando o arquivo fonte 'Jogo.cpp')
  
C:\Users\leona\OneDrive\Documentos\UTFPR\JOGO TECPROG\Jogo_TecProg\Jogo_TecProg\Lista.h(72,20): error C2838: '{dtor}': nome qualificado inválido na declaração de membro
  (compilando o arquivo fonte 'Jogo.cpp')
  
C:\Users\leona\OneDrive\Documentos\UTFPR\JOGO TECPROG\Jogo_TecProg\Jogo_TecProg\Lista.h(72,20): error C2897: um destruidor não pode ser um template de função
  (compilando o arquivo fonte 'Jogo.cpp')
  
C:\Users\leona\OneDrive\Documentos\UTFPR\JOGO TECPROG\Jogo_TecProg\Jogo_TecProg\GerenciadorColisao.h(5,7): error C3769: 'Entidade': uma classe aninhada não pode possuir o mesmo nome que a classe delimitadora
  (compilando o arquivo fonte 'Jogo.cpp')
  
C:\Users\leona\OneDrive\Documentos\UTFPR\JOGO TECPROG\Jogo_TecProg\Jogo_TecProg\Jogo.cpp(3,7): error C3254: 'Entidade': classe contém substituição explícita '{ctor}' mas não deriva de uma interface que contenha a declaração da função
C:\Users\leona\OneDrive\Documentos\UTFPR\JOGO TECPROG\Jogo_TecProg\Jogo_TecProg\Jogo.cpp(3,7): error C2838: '{ctor}': nome qualificado inválido na declaração de membro
C:\Users\leona\OneDrive\Documentos\UTFPR\JOGO TECPROG\Jogo_TecProg\Jogo_TecProg\Jogo.cpp(3,7): error C2535: 'Entidade::Entidade(void)': função membro já definida ou declarada
      C:\Users\leona\OneDrive\Documentos\UTFPR\JOGO TECPROG\Jogo_TecProg\Jogo_TecProg\Entidade.h(17,2):
      consulte a declaração de 'Entidade::Entidade'
  
C:\Users\leona\OneDrive\Documentos\UTFPR\JOGO TECPROG\Jogo_TecProg\Jogo_TecProg\Jogo.cpp(24,12): error C3254: 'Entidade': classe contém substituição explícita 'Executar' mas não deriva de uma interface que contenha a declaração da função
C:\Users\leona\OneDrive\Documentos\UTFPR\JOGO TECPROG\Jogo_TecProg\Jogo_TecProg\Jogo.cpp(24,12): error C2838: 'Executar': nome qualificado inválido na declaração de membro
C:\Users\leona\OneDrive\Documentos\UTFPR\JOGO TECPROG\Jogo_TecProg\Jogo_TecProg\Entidade.h(9,1): error C1075: '{': nenhum token correspondente encontrado
  (compilando o arquivo fonte 'Jogo.cpp')
  
  Jogo_TecProg.cpp
C:\Users\leona\OneDrive\Documentos\UTFPR\JOGO TECPROG\Jogo_TecProg\Jogo_TecProg\Jogador.h(5,23): error C2504: 'Entidade': classe base indefinida
  (compilando o arquivo fonte 'Jogo_TecProg.cpp')
  
C:\Users\leona\OneDrive\Documentos\UTFPR\JOGO TECPROG\Jogo_TecProg\Jogo_TecProg\Jogador.h(15,10): error C3668: 'Entidade::Jogador::colidir': método com especificador de substituição 'override' não substituiu nenhum método de classe base
  (compilando o arquivo fonte 'Jogo_TecProg.cpp')
  
C:\Users\leona\OneDrive\Documentos\UTFPR\JOGO TECPROG\Jogo_TecProg\Jogo_TecProg\Inimigo.h(4,12): error C2504: 'Entidade': classe base indefinida
  (compilando o arquivo fonte 'Jogo_TecProg.cpp')
  
C:\Users\leona\OneDrive\Documentos\UTFPR\JOGO TECPROG\Jogo_TecProg\Jogo_TecProg\Elemento.h(18,22): error C3254: 'Entidade': classe contém substituição explícita '{ctor}' mas não deriva de uma interface que contenha a declaração da função
  (compilando o arquivo fonte 'Jogo_TecProg.cpp')
  
C:\Users\leona\OneDrive\Documentos\UTFPR\JOGO TECPROG\Jogo_TecProg\Jogo_TecProg\Elemento.h(18,22): error C2838: '{ctor}': nome qualificado inválido na declaração de membro
  (compilando o arquivo fonte 'Jogo_TecProg.cpp')
  
C:\Users\leona\OneDrive\Documentos\UTFPR\JOGO TECPROG\Jogo_TecProg\Jogo_TecProg\Elemento.h(25,23): error C3254: 'Entidade': classe contém substituição explícita '{dtor}' mas não deriva de uma interface que contenha a declaração da função
  (compilando o arquivo fonte 'Jogo_TecProg.cpp')
  
C:\Users\leona\OneDrive\Documentos\UTFPR\JOGO TECPROG\Jogo_TecProg\Jogo_TecProg\Elemento.h(25,23): error C2838: '{dtor}': nome qualificado inválido na declaração de membro
  (compilando o arquivo fonte 'Jogo_TecProg.cpp')
  
C:\Users\leona\OneDrive\Documentos\UTFPR\JOGO TECPROG\Jogo_TecProg\Jogo_TecProg\Elemento.h(25,23): error C2897: um destruidor não pode ser um template de função
  (compilando o arquivo fonte 'Jogo_TecProg.cpp')
  
C:\Users\leona\OneDrive\Documentos\UTFPR\JOGO TECPROG\Jogo_TecProg\Jogo_TecProg\Lista.h(64,19): error C3254: 'Entidade': classe contém substituição explícita '{ctor}' mas não deriva de uma interface que contenha a declaração da função
  (compilando o arquivo fonte 'Jogo_TecProg.cpp')
  
C:\Users\leona\OneDrive\Documentos\UTFPR\JOGO TECPROG\Jogo_TecProg\Jogo_TecProg\Lista.h(64,19): error C2838: '{ctor}': nome qualificado inválido na declaração de membro
  (compilando o arquivo fonte 'Jogo_TecProg.cpp')
  
C:\Users\leona\OneDrive\Documentos\UTFPR\JOGO TECPROG\Jogo_TecProg\Jogo_TecProg\Lista.h(64,19): error C2535: 'Entidade::Entidade(void)': função membro já definida ou declarada
  (compilando o arquivo fonte 'Jogo_TecProg.cpp')
      C:\Users\leona\OneDrive\Documentos\UTFPR\JOGO TECPROG\Jogo_TecProg\Jogo_TecProg\Elemento.h(18,22):
      consulte a declaração de 'Entidade::Entidade'
  
C:\Users\leona\OneDrive\Documentos\UTFPR\JOGO TECPROG\Jogo_TecProg\Jogo_TecProg\Lista.h(72,20): error C3254: 'Entidade': classe contém substituição explícita '{dtor}' mas não deriva de uma interface que contenha a declaração da função
  (compilando o arquivo fonte 'Jogo_TecProg.cpp')
  
C:\Users\leona\OneDrive\Documentos\UTFPR\JOGO TECPROG\Jogo_TecProg\Jogo_TecProg\Lista.h(72,20): error C2838: '{dtor}': nome qualificado inválido na declaração de membro
  (compilando o arquivo fonte 'Jogo_TecProg.cpp')
  
C:\Users\leona\OneDrive\Documentos\UTFPR\JOGO TECPROG\Jogo_TecProg\Jogo_TecProg\Lista.h(72,20): error C2897: um destruidor não pode ser um template de função
  (compilando o arquivo fonte 'Jogo_TecProg.cpp')
  
C:\Users\leona\OneDrive\Documentos\UTFPR\JOGO TECPROG\Jogo_TecProg\Jogo_TecProg\GerenciadorColisao.h(5,7): error C3769: 'Entidade': uma classe aninhada não pode possuir o mesmo nome que a classe delimitadora
  (compilando o arquivo fonte 'Jogo_TecProg.cpp')
  
C:\Users\leona\OneDrive\Documentos\UTFPR\JOGO TECPROG\Jogo_TecProg\Jogo_TecProg\Entidade.h(9,1): error C1075: '{': nenhum token correspondente encontrado
  (compilando o arquivo fonte 'Jogo_TecProg.cpp')
  
  ListaEntidades.cpp
C:\Users\leona\OneDrive\Documentos\UTFPR\JOGO TECPROG\Jogo_TecProg\Jogo_TecProg\ListaEntidades.cpp(3,21): error C3254: 'Entidade': classe contém substituição explícita 'getTam' mas não deriva de uma interface que contenha a declaração da função
C:\Users\leona\OneDrive\Documentos\UTFPR\JOGO TECPROG\Jogo_TecProg\Jogo_TecProg\ListaEntidades.cpp(3,21): error C2838: 'getTam': nome qualificado inválido na declaração de membro
C:\Users\leona\OneDrive\Documentos\UTFPR\JOGO TECPROG\Jogo_TecProg\Jogo_TecProg\ListaEntidades.cpp(8,27): error C3254: 'Entidade': classe contém substituição explícita 'getElementos' mas não deriva de uma interface que contenha a declaração da função
C:\Users\leona\OneDrive\Documentos\UTFPR\JOGO TECPROG\Jogo_TecProg\Jogo_TecProg\ListaEntidades.cpp(8,27): error C2838: 'getElementos': nome qualificado inválido na declaração de membro
C:\Users\leona\OneDrive\Documentos\UTFPR\JOGO TECPROG\Jogo_TecProg\Jogo_TecProg\Entidade.h(9,1): error C1075: '{': nenhum token correspondente encontrado
  (compilando o arquivo fonte 'ListaEntidades.cpp')
  
  Gerando Código...
